0 info it worked if it ends with ok
1 verbose cli [ 'C:\\Soft\\DigitalCreation\\Web\\nodejs\\node.exe',
1 verbose cli   'C:\\Soft\\DigitalCreation\\Web\\nodejs\\node_modules\\npm\\bin\\npm-cli.js',
1 verbose cli   'run',
1 verbose cli   'nodemon' ]
2 info using npm@4.0.5
3 info using node@v7.4.0
4 verbose run-script [ 'prenodemon', 'nodemon', 'postnodemon' ]
5 info lifecycle osnova-react-environment@0.26.0~prenodemon: osnova-react-environment@0.26.0
6 silly lifecycle osnova-react-environment@0.26.0~prenodemon: no script for prenodemon, continuing
7 info lifecycle osnova-react-environment@0.26.0~nodemon: osnova-react-environment@0.26.0
8 verbose lifecycle osnova-react-environment@0.26.0~nodemon: unsafe-perm in lifecycle true
9 verbose lifecycle osnova-react-environment@0.26.0~nodemon: PATH: C:\Users\Novi\AppData\Roaming\nvm\v7.4.0\node_modules\npm\bin\node-gyp-bin;C:\projects\osnova-react-environment\node_modules\.bin;C:\Soft\Core\Python27\;C:\Soft\Core\Python27\Scripts;C:\ProgramData\Oracle\Java\javapath;C:\Windows\system32;C:\Windows;C:\Windows\System32\Wbem;C:\Windows\System32\WindowsPowerShell\v1.0\;C:\Program Files (x86)\ATI Technologies\ATI.ACE\Core-Static;C:\Program Files\Calibre2\;C:\Users\Novi\.dnx\bin;C:\Program Files\Microsoft DNX\Dnvm\;C:\Program Files (x86)\AMD\ATI.ACE\Core-Static;C:\Users\Novi\AppData\Roaming\npm;C:\OpenServer\modules\php\PHP-5.6;C:\Program Files (x86)\Skype\Phone\;C:\WINDOWS\system32;C:\WINDOWS;C:\WINDOWS\System32\Wbem;C:\WINDOWS\System32\WindowsPowerShell\v1.0\;C:\Soft\DigitalCreation\Web\PhantomJS\bin;C:\Soft\DigitalCreation\Programming\erl7.2.1\bin;C:\Soft\DigitalCreation\Programming\Elixir\bin;C:\Program Files\PostgreSQL\9.5\bin;C:\Users\Novi\AppData\Roaming\nvm;C:\Soft\DigitalCreation\Web\nodejs;C:\WINDOWS\system32\config\systemprofile\.dnx\bin;C:\Program Files\Microsoft SQL Server\120\Tools\Binn\;C:\Program Files (x86)\Windows Kits\10\Windows Performance Toolkit\;C:\Program Files (x86)\Microsoft Emulator Manager\1.0\;C:\Program Files (x86)\Brackets\command;D:\dev\AndroidSDK\tools;C:\Soft\DigitalCreation\Web\apache-ant-1.9.7\bin;C:\Soft\DigitalCreation\Web\Heroku\bin;C:\Program Files (x86)\git\cmd;C:\Soft\Core\Git\cmd;C:\Soft\DigitalCreation\Web\Ruby193\bin;C:\Users\Novi\AppData\Local\atom\bin;C:\Users\Novi\AppData\Local\.meteor\;C:\Soft\Core\Git\usr\bin;C:\Soft\DigitalCreation\Web\PhantomJS\bin;C:\Users\Novi\AppData\Roaming\nvm;C:\Soft\DigitalCreation\Web\nodejs;C:\Users\Novi\AppData\Roaming\npm;C:\Users\Novi\AppData\Local\William Hill Poker\data\QT;C:\Users\Novi\AppData\Local\William Hill Poker\data\OpenSSL;C:\Users\Novi\AppData\Local\Microsoft\WindowsApps;
10 verbose lifecycle osnova-react-environment@0.26.0~nodemon: CWD: C:\projects\osnova-react-environment
11 silly lifecycle osnova-react-environment@0.26.0~nodemon: Args: [ '/d /s /c',
11 silly lifecycle   'nodemon server/main.js --config dev/nodemon.json' ]
12 silly lifecycle osnova-react-environment@0.26.0~nodemon: Returned: code: 1  signal: null
13 info lifecycle osnova-react-environment@0.26.0~nodemon: Failed to exec nodemon script
14 verbose stack Error: osnova-react-environment@0.26.0 nodemon: `nodemon server/main.js --config dev/nodemon.json`
14 verbose stack Exit status 1
14 verbose stack     at EventEmitter.<anonymous> (C:\Users\Novi\AppData\Roaming\nvm\v7.4.0\node_modules\npm\lib\utils\lifecycle.js:279:16)
14 verbose stack     at emitTwo (events.js:106:13)
14 verbose stack     at EventEmitter.emit (events.js:191:7)
14 verbose stack     at ChildProcess.<anonymous> (C:\Users\Novi\AppData\Roaming\nvm\v7.4.0\node_modules\npm\lib\utils\spawn.js:40:14)
14 verbose stack     at emitTwo (events.js:106:13)
14 verbose stack     at ChildProcess.emit (events.js:191:7)
14 verbose stack     at maybeClose (internal/child_process.js:885:16)
14 verbose stack     at Process.ChildProcess._handle.onexit (internal/child_process.js:226:5)
15 verbose pkgid osnova-react-environment@0.26.0
16 verbose cwd C:\projects\osnova-react-environment
17 error Windows_NT 10.0.14393
18 error argv "C:\\Soft\\DigitalCreation\\Web\\nodejs\\node.exe" "C:\\Soft\\DigitalCreation\\Web\\nodejs\\node_modules\\npm\\bin\\npm-cli.js" "run" "nodemon"
19 error node v7.4.0
20 error npm  v4.0.5
21 error code ELIFECYCLE
22 error osnova-react-environment@0.26.0 nodemon: `nodemon server/main.js --config dev/nodemon.json`
22 error Exit status 1
23 error Failed at the osnova-react-environment@0.26.0 nodemon script 'nodemon server/main.js --config dev/nodemon.json'.
23 error Make sure you have the latest version of node.js and npm installed.
23 error If you do, this is most likely a problem with the osnova-react-environment package,
23 error not with npm itself.
23 error Tell the author that this fails on your system:
23 error     nodemon server/main.js --config dev/nodemon.json
23 error You can get information on how to open an issue for this project with:
23 error     npm bugs osnova-react-environment
23 error Or if that isn't available, you can get their info via:
23 error     npm owner ls osnova-react-environment
23 error There is likely additional logging output above.
24 verbose exit [ 1, true ]
